<?xml version="1.0" encoding="UTF-8"?>
<!-- Generated by org.testng.reporters.JUnitReportReporter -->
<testsuite hostname="DESKTOP-J0IEVFN" failures="0" tests="1" name="FB.TestCases.LoginPageTest" time="20.061" errors="0" timestamp="2022-07-17T20:35:36 IST" skipped="0">
  <testcase classname="FB.TestCases.LoginPageTest" name="LoginTest" time="20.061"/>
  <system-out/>
</testsuite> <!-- FB.TestCases.LoginPageTest -->
