<?xml version="1.0" encoding="UTF-8"?>
<!-- Generated by org.testng.reporters.JUnitReportReporter -->
<testsuite hostname="DESKTOP-J0IEVFN" failures="0" tests="5" name="FB.TestCases.HomePageTest" time="110.507" errors="0" timestamp="2022-07-19T05:58:54 IST" skipped="0">
  <testcase classname="FB.TestCases.HomePageTest" name="checkProfileTextTest" time="31.208"/>
  <system-out/>
  <testcase classname="FB.TestCases.HomePageTest" name="clickOnProfileTest" time="20.968"/>
  <system-out/>
  <testcase classname="FB.TestCases.HomePageTest" name="FindFriendstextTest" time="17.806"/>
  <system-out/>
  <testcase classname="FB.TestCases.HomePageTest" name="FindFriendsVisibleTextTest" time="17.137"/>
  <system-out/>
  <testcase classname="FB.TestCases.HomePageTest" name="createStoryTest" time="23.388"/>
  <system-out/>
</testsuite> <!-- FB.TestCases.HomePageTest -->
