<?xml version="1.0" encoding="UTF-8"?>
<!-- Generated by org.testng.reporters.JUnitReportReporter -->
<testsuite hostname="DESKTOP-J0IEVFN" failures="0" tests="5" name="FB.TestCases.LoginPageTest" time="80.530" errors="0" timestamp="2022-07-20T06:46:27 IST" skipped="0">
  <testcase classname="FB.TestCases.LoginPageTest" name="LoginPageTitleTest" time="12.673"/>
  <system-out/>
  <testcase classname="FB.TestCases.LoginPageTest" name="LoginTest" time="19.808"/>
  <system-out/>
  <testcase classname="FB.TestCases.LoginPageTest" name="forgottPasswordTest" time="14.586"/>
  <system-out/>
  <testcase classname="FB.TestCases.LoginPageTest" name="mulitipleUserLoginTest" time="18.600"/>
  <system-out/>
  <testcase classname="FB.TestCases.LoginPageTest" name="mulitipleUserLoginTest" time="14.863"/>
  <system-out/>
</testsuite> <!-- FB.TestCases.LoginPageTest -->
