<?xml version="1.0" encoding="UTF-8"?>
<!-- Generated by org.testng.reporters.JUnitReportReporter -->
<testsuite hostname="DESKTOP-J0IEVFN" failures="0" tests="5" name="FB.TestCases.LoginPageTest" time="78.955" errors="0" timestamp="2022-07-19T05:58:54 IST" skipped="0">
  <testcase classname="FB.TestCases.LoginPageTest" name="LoginPageTitleTest" time="13.017"/>
  <system-out/>
  <testcase classname="FB.TestCases.LoginPageTest" name="LoginTest" time="19.459"/>
  <system-out/>
  <testcase classname="FB.TestCases.LoginPageTest" name="forgottPasswordTest" time="15.440"/>
  <system-out/>
  <testcase classname="FB.TestCases.LoginPageTest" name="mulitipleUserLoginTest" time="14.787"/>
  <system-out/>
  <testcase classname="FB.TestCases.LoginPageTest" name="mulitipleUserLoginTest" time="16.252"/>
  <system-out/>
</testsuite> <!-- FB.TestCases.LoginPageTest -->
