<?xml version="1.0" encoding="UTF-8"?>
<!-- Generated by org.testng.reporters.JUnitReportReporter -->
<testsuite hostname="DESKTOP-J0IEVFN" failures="0" tests="5" name="FB.TestCases.HomePageTest" time="115.017" errors="0" timestamp="2022-07-18T06:47:48 IST" skipped="0">
  <testcase classname="FB.TestCases.HomePageTest" name="checkProfileTextTest" time="18.897"/>
  <system-out/>
  <testcase classname="FB.TestCases.HomePageTest" name="clickOnProfileTest" time="19.125"/>
  <system-out/>
  <testcase classname="FB.TestCases.HomePageTest" name="FindFriendstextTest" time="19.208"/>
  <system-out/>
  <testcase classname="FB.TestCases.HomePageTest" name="FindFriendsVisibleTextTest" time="29.300"/>
  <system-out/>
  <testcase classname="FB.TestCases.HomePageTest" name="createStoryTest" time="28.487"/>
  <system-out/>
</testsuite> <!-- FB.TestCases.HomePageTest -->
