<?xml version="1.0" encoding="UTF-8"?>
<!-- Generated by org.testng.reporters.JUnitReportReporter -->
<testsuite hostname="DESKTOP-J0IEVFN" failures="0" tests="5" name="FB.TestCases.HomePageTest" time="125.146" errors="0" timestamp="2022-07-20T06:46:27 IST" skipped="0">
  <testcase classname="FB.TestCases.HomePageTest" name="checkProfileTextTest" time="19.795"/>
  <system-out/>
  <testcase classname="FB.TestCases.HomePageTest" name="clickOnProfileTest" time="29.111"/>
  <system-out/>
  <testcase classname="FB.TestCases.HomePageTest" name="FindFriendstextTest" time="21.515"/>
  <system-out/>
  <testcase classname="FB.TestCases.HomePageTest" name="FindFriendsVisibleTextTest" time="21.496"/>
  <system-out/>
  <testcase classname="FB.TestCases.HomePageTest" name="createStoryTest" time="33.229"/>
  <system-out/>
</testsuite> <!-- FB.TestCases.HomePageTest -->
