<?xml version="1.0" encoding="UTF-8"?>
<!-- Generated by org.testng.reporters.JUnitReportReporter -->
<testsuite hostname="DESKTOP-J0IEVFN" failures="0" tests="3" name="FB.TestCases.LoginPageTest" time="48.669" errors="0" timestamp="2022-07-18T06:47:48 IST" skipped="0">
  <testcase classname="FB.TestCases.LoginPageTest" name="LoginPageTitleTest" time="15.541"/>
  <system-out/>
  <testcase classname="FB.TestCases.LoginPageTest" name="LoginTest" time="17.855"/>
  <system-out/>
  <testcase classname="FB.TestCases.LoginPageTest" name="forgottPasswordTest" time="15.273"/>
  <system-out/>
</testsuite> <!-- FB.TestCases.LoginPageTest -->
