<?xml version="1.0" encoding="UTF-8"?>
<!-- Generated by org.testng.reporters.JUnitReportReporter -->
<testsuite hostname="DESKTOP-J0IEVFN" failures="0" tests="1" name="FB.TestCases.ProfilePageTest" time="22.678" errors="0" timestamp="2022-07-19T05:58:54 IST" skipped="0">
  <testcase classname="FB.TestCases.ProfilePageTest" name="editTheProfileTest" time="22.678"/>
  <system-out/>
</testsuite> <!-- FB.TestCases.ProfilePageTest -->
