<?xml version="1.0" encoding="UTF-8"?>
<!-- Generated by org.testng.reporters.JUnitReportReporter -->
<testsuite hostname="DESKTOP-J0IEVFN" failures="0" tests="1" name="FB.TestCases.ProfilePageTest" time="26.706" errors="0" timestamp="2022-07-20T06:46:27 IST" skipped="0">
  <testcase classname="FB.TestCases.ProfilePageTest" name="editTheProfileTest" time="26.706"/>
  <system-out/>
</testsuite> <!-- FB.TestCases.ProfilePageTest -->
