<?xml version="1.0" encoding="UTF-8"?>
<!-- Generated by org.testng.reporters.JUnitReportReporter -->
<testsuite hostname="DESKTOP-J0IEVFN" failures="0" tests="1" name="FB.TestCases.LoginPageTest" time="14.976" errors="0" timestamp="19 Jul 2022 10:31:49 GMT" skipped="0">
  <testcase classname="FB.TestCases.LoginPageTest" name="LoginPageTitleTest" time="14.976"/>
</testsuite> <!-- FB.TestCases.LoginPageTest -->
